<?xml version="1.0" encoding="UTF-8"?>
<!-- Generated by org.testng.reporters.JUnitReportReporter -->
<testsuite hostname="DESKTOP-RMSCL2B" failures="0" tests="1" name="DemoGit.Demo" time="0.029" errors="0" timestamp="2022-03-10T15:18:14 IST" skipped="0">
  <testcase classname="DemoGit.Demo" name="Demo" time="0.029"/>
  <system-out/>
</testsuite> <!-- DemoGit.Demo -->
